36:[[6,8],[5,8],[3,8],[5,7],[6,7],[4,8],[3,7],[4,7]]:[x[1],x[2],x[3]-1,x[4]-1,x[5]-1,x[6],x[7],x[8],x[9],x[10],x[11],x[12]-1]:0:[x[1],x[2],x[3]-1,x[4]-1,x[5]-1,x[6],x[7],x[8],x[9],x[10],x[11],x[12]-1]:0:true:[[1,0,0,0,1,1,1,0],[0,1,0,0,0,0,0,1]]
18:[[2,8],[3,7],[4,5],[3,6],[3,5],[4,7],[4,6],[1,5],[1,7],[1,6],[2,7],[2,6],[2,5],[4,8],[3,8],[1,8]]:[x[1]-1,x[2]-1,x[3]-1,x[4],x[5],x[6],x[7],x[8],x[9],x[10]-1,x[11]-1,x[12]-1]:0:[x[1]-1,x[2]-1,x[3]-1,x[4],x[5],x[6],x[7],x[8],x[9],x[10]-1,x[11]-1,x[12]-1]:0:true:[[1,0,1,1,1,0,0,0],[0,1,0,0,0,1,1,1]]
6:[[1,8],[2,7],[2,6],[1,5],[2,5],[1,4],[2,4],[1,7],[1,6],[7,8],[4,5],[5,7],[5,6],[4,7],[4,6],[6,8],[2,8],[3,8],[5,8],[6,7],[4,8],[3,7],[3,6],[3,5],[3,4]]:[x[1]-1,x[2]-1,x[3]-1,x[4]-1,x[5]-1,x[6]-1,x[7],x[8],x[9]-1]:3:[x[1]-1,x[2]-1,x[3]-1,x[4]-1,x[5]-1,x[6]-1,x[7],x[8],x[9]-1]:3:true:[[1,0,1,1,1,1,1,1],[0,1,0,0,1,x[10],x[11],x[12]]]
31:[[4,6],[5,8],[3,8],[5,7],[5,6],[4,8],[3,7],[3,6],[4,7]]:[x[1],x[2],x[3]-1,x[4]-1,x[5],x[6],x[7],x[8],x[9],x[10],x[11]-1,x[12]-1]:0:[x[1],x[2],x[3]-1,x[4]-1,x[5],x[6],x[7],x[8],x[9],x[10],x[11]-1,x[12]-1]:0:true:[[1,0,0,0,1,1,0,0],[0,1,0,0,0,0,1,1]]
11:[[2,8],[6,8],[3,7],[4,5],[3,6],[3,5],[4,7],[3,4],[4,6],[5,7],[5,6],[6,7],[2,7],[2,6],[7,8],[2,5],[2,4],[4,8],[5,8],[3,8]]:[x[1],x[2]-1,x[3]-1,x[4]-1,x[5]-1,x[6]-1,x[7],x[8],x[9]-1]:3:[x[1],x[2]-1,x[3]-1,x[4]-1,x[5]-1,x[6]-1,x[7],x[8],x[9]-1]:3:true:[[1,0,0,1,1,1,1,1],[0,1,0,0,1,x[10],x[11],x[12]]]
20:[[2,8],[6,8],[3,7],[4,5],[3,6],[3,5],[4,7],[4,6],[5,7],[6,7],[2,7],[2,6],[7,8],[2,5],[4,8],[5,8],[3,8]]:[x[1],x[2]-1,x[3]-1,x[4]-1,x[5]-1,x[6]-1,x[7],x[8],x[9],x[10]-1,x[11]-1]:1:[x[1],x[2]-1,x[3]-1,x[4]-1,x[5]-1,x[6]-1,x[7],x[8],x[9],x[10]-1,x[11]-1]:1:true:[[1,0,0,1,1,1,1,1],[0,1,0,0,0,1,1,x[12]]]
24:[[4,6],[6,8],[5,8],[3,8],[5,7],[6,7],[4,8],[3,7],[4,5],[3,6],[3,5],[4,7]]:[x[1],x[2],x[3]-1,x[4],x[5]-1,x[6]-1,x[7],x[8],x[9],x[10]-1,x[11]-x[12]]:1:[x[1],x[2],x[3]-1,x[4],x[5]-1,x[6]-1,x[7],x[8],x[9],x[10]-1,x[11]-x[12]]:1:true:[[1,0,0,0,1,0,1,1],[0,1,0,0,0,1,x[12],x[12]]]
7:[[2,8],[6,8],[3,7],[3,6],[3,5],[4,7],[3,4],[4,6],[1,5],[1,4],[5,7],[1,7],[5,6],[1,6],[6,7],[2,7],[2,6],[7,8],[2,5],[2,4],[4,8],[5,8],[3,8],[1,8]]:[x[1]-1,x[2]-1,x[3]-1,x[4]-1,x[5]-1,x[6]-1,x[7],x[8],x[9]-1,x[10]-1]:2:[x[1]-1,x[2]-1,x[3]-1,x[4]-1,x[5]-1,x[6]-1,x[7],x[8],x[9]-1,x[10]-1]:2:true:[[1,0,1,1,1,1,1,1],[0,1,0,0,1,1,x[11],x[12]]]
15:[[2,8],[6,8],[3,7],[4,5],[3,6],[3,5],[4,7],[4,6],[1,5],[5,7],[1,7],[5,6],[1,6],[6,7],[2,7],[2,6],[7,8],[2,5],[4,8],[5,8],[3,8],[1,8]]:[x[1]-1,x[2]-1,x[3]-1,x[4]-1,x[5]-1,x[6]-1,x[7],x[8],x[9],x[10]-1]:2:[x[1]-1,x[2]-1,x[3]-1,x[4]-1,x[5]-1,x[6]-1,x[7],x[8],x[9],x[10]-1]:2:true:[[1,0,1,1,1,1,1,1],[0,1,0,0,0,1,x[11],x[12]]]
17:[[2,8],[6,8],[3,7],[4,5],[3,6],[3,5],[4,7],[4,6],[1,5],[5,7],[1,7],[1,6],[6,7],[2,7],[2,6],[2,5],[4,8],[5,8],[3,8],[1,8]]:[x[1]-1,x[2]-1,x[3]-1,x[4]-1,x[5]-1,x[6],x[7],x[8],x[9],x[10]-1,x[11]-1,x[12]-1]:0:[x[1]-1,x[2]-1,x[3]-1,x[4]-1,x[5]-1,x[6],x[7],x[8],x[9],x[10]-1,x[11]-1,x[12]-1]:0:true:[[1,0,1,1,1,1,1,0],[0,1,0,0,0,1,1,1]]
23:[[6,8],[3,7],[4,5],[3,6],[3,5],[4,7],[4,6],[5,7],[6,7],[7,8],[4,8],[5,8],[3,8]]:[x[1],x[2],x[3]-1,x[4]-1,x[5]-1,x[6]-1,x[7],x[8],x[9]-1,x[10]-1,x[11]]:1:[x[1],x[2],x[3]-1,x[4]-1,x[5]-1,x[6]-1,x[7],x[8],x[9]-1,x[10]-1,x[11]]:1:true:[[1,0,0,0,1,1,1,1],[0,1,0,0,1,1,0,x[12]]]
35:[[6,8],[2,7],[5,8],[3,8],[5,7],[6,7],[4,8],[3,7],[4,7],[2,8]]:[x[1],x[2]-1,x[3]-1,x[4]-1,x[5]-1,x[6],x[7],x[8],x[9],x[10],x[11],x[12]-1]:0:[x[1],x[2]-1,x[3]-1,x[4]-1,x[5]-1,x[6],x[7],x[8],x[9],x[10],x[11],x[12]-1]:0:true:[[1,0,0,1,1,1,1,0],[0,1,0,0,0,0,0,1]]
2:[[1,8],[1,3],[2,7],[2,6],[1,5],[2,5],[1,4],[2,4],[1,7],[2,3],[1,6],[7,8],[4,5],[5,7],[5,6],[4,7],[4,6],[6,8],[2,8],[3,8],[5,8],[6,7],[4,8],[3,7],[3,6],[3,5]]:[x[1]-1,x[2]-1,x[3]-1,x[4]-1,x[5]-1,x[6]-1,x[7],x[8]-1,x[9]-1]:3:[x[1]-1,x[2]-1,x[3]-1,x[4]-1,x[5]-1,x[6]-1,x[7],x[8]-1,x[9]-1]:3:true:[[1,0,1,1,1,1,1,1],[0,1,0,1,1,x[10],x[11],x[12]]]
37:[[6,8],[5,8],[5,7],[6,7],[4,8],[4,7]]:[x[1],x[2],x[3],x[4]-1,x[5]-1,x[6],x[7],x[8],x[9],x[10],x[11],x[12]-1]:0:[x[1],x[2],x[3],x[4]-1,x[5]-1,x[6],x[7],x[8],x[9],x[10],x[11],x[12]-1]:0:true:[[1,0,0,0,0,1,1,0],[0,1,0,0,0,0,0,1]]
1:[[1,8],[1,3],[2,7],[2,6],[1,5],[2,5],[1,4],[2,4],[1,7],[2,3],[1,6],[7,8],[4,5],[5,7],[5,6],[4,7],[4,6],[6,8],[2,8],[3,8],[5,8],[6,7],[4,8],[3,7],[3,6],[3,5],[3,4]]:[x[1]-1,x[2]-1,x[3]-1,x[4]-1,x[5]-1,x[6]-1,x[7],x[8]-1]:4:[x[1]-1,x[2]-1,x[3]-1,x[4]-1,x[5]-1,x[6]-1,x[7],x[8]-1]:4:true:[[1,0,1,1,1,1,1,1],[0,1,0,1,x[9],x[10],x[11],x[12]]]
4:[[2,8],[6,8],[3,7],[4,5],[3,6],[3,5],[1,3],[4,7],[4,6],[1,5],[1,4],[5,7],[1,7],[1,6],[6,7],[2,7],[2,6],[2,5],[2,4],[2,3],[4,8],[5,8],[3,8],[1,8]]:[x[1]-1,x[2]-1,x[3]-1,x[4]-1,x[5]-1,x[6],x[7],x[8]-1,x[9]-1,x[10]-x[11],x[12]-1]:1:[x[1]-1,x[2]-1,x[3]-1,x[4]-1,x[5]-1,x[6],x[7],x[8]-1,x[9]-1,x[10]-x[11],x[12]-1]:1:true:[[1,0,1,1,1,1,1,0],[0,1,0,1,1,x[11],x[11],1]]
9:[[2,8],[6,8],[3,7],[3,6],[3,5],[4,7],[3,4],[1,5],[1,4],[5,7],[1,7],[1,6],[6,7],[2,7],[2,6],[7,8],[2,5],[2,4],[4,8],[5,8],[3,8],[1,8]]:[x[1]-1,x[2]-1,x[3]-1,x[4]-1,x[5]-1,x[6]-1,x[7],x[8],x[9]-1,x[10]-1,x[11]-1]:1:[x[1]-1,x[2]-1,x[3]-1,x[4]-1,x[5]-1,x[6]-1,x[7],x[8],x[9]-1,x[10]-1,x[11]-1]:1:true:[[1,0,1,1,1,1,1,1],[0,1,0,0,1,1,1,x[12]]]
13:[[2,8],[6,8],[3,7],[3,6],[3,5],[4,7],[3,4],[4,6],[5,7],[5,6],[2,7],[2,6],[7,8],[2,5],[2,4],[4,8],[5,8],[3,8]]:[x[1],x[2]-1,x[3]-1,x[4]-1,x[5]-1,x[6]-1,x[7],x[8],x[9]-1,x[10]-1,x[11]-x[12]]:1:[x[1],x[2]-1,x[3]-1,x[4]-1,x[5]-1,x[6]-1,x[7],x[8],x[9]-1,x[10]-1,x[11]-x[12]]:1:true:[[1,0,0,1,1,1,1,1],[0,1,0,0,1,1,x[12],x[12]]]
5:[[2,8],[6,8],[3,7],[4,5],[3,6],[3,5],[4,7],[3,4],[4,6],[5,7],[5,6],[6,7],[2,7],[2,6],[7,8],[2,5],[2,4],[2,3],[4,8],[5,8],[3,8]]:[x[1],x[2]-1,x[3]-1,x[4]-1,x[5]-1,x[6]-1,x[7],x[8]-1]:4:[x[1],x[2]-1,x[3]-1,x[4]-1,x[5]-1,x[6]-1,x[7],x[8]-1]:4:true:[[1,0,0,1,1,1,1,1],[0,1,0,1,x[9],x[10],x[11],x[12]]]
3:[[1,8],[1,3],[2,7],[2,6],[1,5],[2,5],[1,4],[2,4],[1,7],[2,3],[1,6],[7,8],[4,5],[5,7],[4,7],[4,6],[6,8],[2,8],[3,8],[5,8],[6,7],[4,8],[3,7],[3,6],[3,5]]:[x[1]-1,x[2]-1,x[3]-1,x[4]-1,x[5]-1,x[6]-1,x[7],x[8]-1,x[9]-1,x[10]-x[11]]:2:[x[1]-1,x[2]-1,x[3]-1,x[4]-1,x[5]-1,x[6]-1,x[7],x[8]-1,x[9]-1,x[10]-x[11]]:2:true:[[1,0,1,1,1,1,1,1],[0,1,0,1,1,x[11],x[11],x[12]]]
33:[[6,8],[5,8],[5,7],[6,7],[5,6],[7,8]]:[x[1],x[2],x[3],x[4],x[5]-1,x[6]-1,x[7],x[8],x[9],x[10],x[11]-1]:1:[x[1],x[2],x[3],x[4],x[5]-1,x[6]-1,x[7],x[8],x[9],x[10],x[11]-1]:1:true:[[1,0,0,0,0,0,1,1],[0,1,0,0,0,0,1,x[12]]]
32:[[6,8],[4,6],[5,8],[5,7],[6,7],[5,6],[4,8],[7,8],[4,7]]:[x[1],x[2],x[3],x[4]-1,x[5]-1,x[6]-1,x[7],x[8],x[9],x[10]-1,x[11]-1]:1:[x[1],x[2],x[3],x[4]-1,x[5]-1,x[6]-1,x[7],x[8],x[9],x[10]-1,x[11]-1]:1:true:[[1,0,0,0,0,1,1,1],[0,1,0,0,0,1,1,x[12]]]
30:[[4,6],[6,8],[5,8],[3,8],[5,7],[6,7],[5,6],[4,8],[3,7],[3,6],[7,8],[4,7]]:[x[1],x[2],x[3]-1,x[4]-1,x[5]-1,x[6]-1,x[7],x[8],x[9],x[10],x[11]-1]:1:[x[1],x[2],x[3]-1,x[4]-1,x[5]-1,x[6]-1,x[7],x[8],x[9],x[10],x[11]-1]:1:true:[[1,0,0,0,1,1,1,1],[0,1,0,0,0,0,1,x[12]]]
25:[[6,8],[4,6],[5,8],[5,7],[6,7],[5,6],[4,8],[4,5],[7,8],[4,7]]:[x[1],x[2],x[3],x[4]-1,x[5]-1,x[6]-1,x[7],x[8],x[9],x[10]-1]:2:[x[1],x[2],x[3],x[4]-1,x[5]-1,x[6]-1,x[7],x[8],x[9],x[10]-1]:2:true:[[1,0,0,0,0,1,1,1],[0,1,0,0,0,1,x[11],x[12]]]
21:[[2,8],[6,8],[3,7],[4,5],[3,6],[3,5],[4,7],[4,6],[5,7],[6,7],[2,7],[2,6],[2,5],[4,8],[5,8],[3,8]]:[x[1],x[2]-1,x[3]-1,x[4]-1,x[5]-1,x[6],x[7],x[8],x[9],x[10]-1,x[11]-1,x[12]-1]:0:[x[1],x[2]-1,x[3]-1,x[4]-1,x[5]-1,x[6],x[7],x[8],x[9],x[10]-1,x[11]-1,x[12]-1]:0:true:[[1,0,0,1,1,1,1,0],[0,1,0,0,0,1,1,1]]
38:[[5,7],[6,7],[5,8],[6,8]]:[x[1],x[2],x[3],x[4],x[5]-1,x[6],x[7],x[8],x[9],x[10],x[11],x[12]-1]:0:[x[1],x[2],x[3],x[4],x[5]-1,x[6],x[7],x[8],x[9],x[10],x[11],x[12]-1]:0:true:[[1,0,0,0,0,0,1,0],[0,1,0,0,0,0,0,1]]
27:[[2,8],[3,7],[3,6],[4,7],[4,6],[5,7],[5,6],[1,7],[1,6],[2,7],[2,6],[4,8],[5,8],[3,8],[1,8]]:[x[1]-1,x[2]-1,x[3]-1,x[4]-1,x[5],x[6],x[7],x[8],x[9],x[10],x[11]-1,x[12]-1]:0:[x[1]-1,x[2]-1,x[3]-1,x[4]-1,x[5],x[6],x[7],x[8],x[9],x[10],x[11]-1,x[12]-1]:0:true:[[1,0,1,1,1,1,0,0],[0,1,0,0,0,0,1,1]]
29:[[4,6],[2,7],[2,6],[5,8],[3,8],[5,7],[5,6],[4,8],[3,7],[3,6],[4,7],[2,8]]:[x[1],x[2]-1,x[3]-1,x[4]-1,x[5],x[6],x[7],x[8],x[9],x[10],x[11]-1,x[12]-1]:0:[x[1],x[2]-1,x[3]-1,x[4]-1,x[5],x[6],x[7],x[8],x[9],x[10],x[11]-1,x[12]-1]:0:true:[[1,0,0,1,1,1,0,0],[0,1,0,0,0,0,1,1]]
8:[[2,8],[6,8],[3,7],[3,6],[3,5],[4,7],[3,4],[4,6],[1,5],[1,4],[5,7],[1,7],[5,6],[1,6],[2,7],[2,6],[7,8],[2,5],[2,4],[4,8],[5,8],[3,8],[1,8]]:[x[1]-1,x[2]-1,x[3]-1,x[4]-1,x[5]-1,x[6]-1,x[7],x[8],x[9]-1,x[10]-1,x[11]-x[12]]:1:[x[1]-1,x[2]-1,x[3]-1,x[4]-1,x[5]-1,x[6]-1,x[7],x[8],x[9]-1,x[10]-1,x[11]-x[12]]:1:true:[[1,0,1,1,1,1,1,1],[0,1,0,0,1,1,x[12],x[12]]]
19:[[2,8],[6,8],[3,7],[4,5],[3,6],[3,5],[4,7],[4,6],[5,7],[5,6],[6,7],[2,7],[2,6],[7,8],[2,5],[4,8],[5,8],[3,8]]:[x[1],x[2]-1,x[3]-1,x[4]-1,x[5]-1,x[6]-1,x[7],x[8],x[9],x[10]-1]:2:[x[1],x[2]-1,x[3]-1,x[4]-1,x[5]-1,x[6]-1,x[7],x[8],x[9],x[10]-1]:2:true:[[1,0,0,1,1,1,1,1],[0,1,0,0,0,1,x[11],x[12]]]
10:[[2,8],[6,8],[3,7],[3,6],[3,5],[4,7],[3,4],[1,5],[1,4],[5,7],[1,7],[1,6],[6,7],[2,7],[2,6],[2,5],[2,4],[4,8],[5,8],[3,8],[1,8]]:[x[1]-1,x[2]-1,x[3]-1,x[4]-1,x[5]-1,x[6],x[7],x[8],x[9]-1,x[10]-1,x[11]-1,x[12]-1]:0:[x[1]-1,x[2]-1,x[3]-1,x[4]-1,x[5]-1,x[6],x[7],x[8],x[9]-1,x[10]-1,x[11]-1,x[12]-1]:0:true:[[1,0,1,1,1,1,1,0],[0,1,0,0,1,1,1,1]]
26:[[2,8],[6,8],[3,7],[3,6],[4,7],[4,6],[5,7],[5,6],[1,7],[1,6],[6,7],[2,7],[2,6],[7,8],[4,8],[5,8],[3,8],[1,8]]:[x[1]-1,x[2]-1,x[3]-1,x[4]-1,x[5]-1,x[6]-1,x[7],x[8],x[9],x[10],x[11]-1]:1:[x[1]-1,x[2]-1,x[3]-1,x[4]-1,x[5]-1,x[6]-1,x[7],x[8],x[9],x[10],x[11]-1]:1:true:[[1,0,1,1,1,1,1,1],[0,1,0,0,0,0,1,x[12]]]
34:[[6,8],[2,7],[5,8],[3,8],[5,7],[6,7],[4,8],[1,7],[3,7],[1,8],[2,8],[4,7]]:[x[1]-1,x[2]-1,x[3]-1,x[4]-1,x[5]-1,x[6],x[7],x[8],x[9],x[10],x[11],x[12]-1]:0:[x[1]-1,x[2]-1,x[3]-1,x[4]-1,x[5]-1,x[6],x[7],x[8],x[9],x[10],x[11],x[12]-1]:0:true:[[1,0,1,1,1,1,1,0],[0,1,0,0,0,0,0,1]]
14:[[6,8],[3,7],[4,5],[3,6],[3,5],[4,7],[3,4],[4,6],[5,7],[5,6],[6,7],[7,8],[4,8],[5,8],[3,8]]:[x[1],x[2],x[3]-1,x[4]-1,x[5]-1,x[6]-1,x[7],x[8],x[9]-1]:3:[x[1],x[2],x[3]-1,x[4]-1,x[5]-1,x[6]-1,x[7],x[8],x[9]-1]:3:true:[[1,0,0,0,1,1,1,1],[0,1,0,0,1,x[10],x[11],x[12]]]
22:[[6,8],[3,7],[4,5],[3,6],[3,5],[4,7],[4,6],[5,7],[5,6],[6,7],[7,8],[4,8],[5,8],[3,8]]:[x[1],x[2],x[3]-1,x[4]-1,x[5]-1,x[6]-1,x[7],x[8],x[9]-1,x[10]-1]:2:[x[1],x[2],x[3]-1,x[4]-1,x[5]-1,x[6]-1,x[7],x[8],x[9]-1,x[10]-1]:2:true:[[1,0,0,0,1,1,1,1],[0,1,0,0,1,1,x[11],x[12]]]
28:[[2,8],[6,8],[3,7],[3,6],[4,7],[4,6],[5,7],[5,6],[6,7],[2,7],[2,6],[7,8],[4,8],[5,8],[3,8]]:[x[1],x[2]-1,x[3]-1,x[4]-1,x[5]-1,x[6]-1,x[7],x[8],x[9],x[10],x[11]-1]:1:[x[1],x[2]-1,x[3]-1,x[4]-1,x[5]-1,x[6]-1,x[7],x[8],x[9],x[10],x[11]-1]:1:true:[[1,0,0,1,1,1,1,1],[0,1,0,0,0,0,1,x[12]]]
16:[[2,8],[6,8],[3,7],[4,5],[3,6],[3,5],[4,7],[4,6],[1,5],[5,7],[1,7],[1,6],[6,7],[2,7],[2,6],[7,8],[2,5],[4,8],[5,8],[3,8],[1,8]]:[x[1]-1,x[2]-1,x[3]-1,x[4]-1,x[5]-1,x[6]-1,x[7],x[8],x[9],x[10]-1,x[11]-1]:1:[x[1]-1,x[2]-1,x[3]-1,x[4]-1,x[5]-1,x[6]-1,x[7],x[8],x[9],x[10]-1,x[11]-1]:1:true:[[1,0,1,1,1,1,1,1],[0,1,0,0,0,1,1,x[12]]]
12:[[2,8],[6,8],[3,7],[3,6],[3,5],[4,7],[3,4],[4,6],[5,7],[5,6],[6,7],[2,7],[2,6],[7,8],[2,5],[2,4],[4,8],[5,8],[3,8]]:[x[1],x[2]-1,x[3]-1,x[4]-1,x[5]-1,x[6]-1,x[7],x[8],x[9]-1,x[10]-1]:2:[x[1],x[2]-1,x[3]-1,x[4]-1,x[5]-1,x[6]-1,x[7],x[8],x[9]-1,x[10]-1]:2:true:[[1,0,0,1,1,1,1,1],[0,1,0,0,1,1,x[11],x[12]]]
