2:[[3,7],[4,5],[3,6],[3,5],[1,3],[4,7],[4,6],[1,5],[5,7],[1,4],[5,6],[1,7],[1,6],[6,7],[2,7],[2,6],[2,5],[2,4],[2,3]]:[x[1]-1,x[2]-1,x[3]-1,x[4]-1,x[5]-1,x[6]-1,x[7]-1,x[8]]:2:[x[1]-1,x[2]-1,x[3]-1,x[4]-1,x[5]-1,x[6]-1,x[7]-1,x[8]]:2:true:[[1,0,1,1,1,1,1],[0,1,1,1,0,x[9],x[10]]]
9:[[4,6],[2,7],[2,6],[2,5],[2,4],[5,7],[6,7],[5,6],[3,7],[3,6],[3,5],[4,7],[3,4]]:[x[1],x[2]-1,x[3]-1,x[4]-1,x[5]-1,x[6],x[7]-1,x[8]-1,x[9]]:1:[x[1],x[2]-1,x[3]-1,x[4]-1,x[5]-1,x[6],x[7]-1,x[8]-1,x[9]]:1:true:[[1,0,0,1,1,1,1],[0,1,0,1,1,0,x[10]]]
17:[[5,7],[6,7],[4,5],[5,6],[4,7],[4,6]]:[x[1],x[2],x[3],x[4]-1,x[5]-1,x[6],x[7],x[8],x[9]-1]:1:[x[1],x[2],x[3],x[4]-1,x[5]-1,x[6],x[7],x[8],x[9]-1]:1:true:[[1,0,0,0,0,1,1],[0,1,0,0,0,1,x[10]]]
14:[[4,6],[2,7],[2,6],[2,5],[5,7],[6,7],[5,6],[3,7],[4,5],[3,6],[3,5],[4,7]]:[x[1],x[2]-1,x[3]-1,x[4]-1,x[5]-1,x[6],x[7],x[8],x[9]-1]:1:[x[1],x[2]-1,x[3]-1,x[4]-1,x[5]-1,x[6],x[7],x[8],x[9]-1]:1:true:[[1,0,0,1,1,1,1],[0,1,0,0,0,1,x[10]]]
16:[[4,6],[5,7],[6,7],[5,6],[3,7],[3,6],[4,5],[3,5],[4,7]]:[x[1],x[2],x[3]-1,x[4]-1,x[5]-1,x[6],x[7],x[8],x[9]-1]:1:[x[1],x[2],x[3]-1,x[4]-1,x[5]-1,x[6],x[7],x[8],x[9]-1]:1:true:[[1,0,0,0,1,1,1],[0,1,0,0,0,1,x[10]]]
8:[[4,6],[2,7],[2,6],[2,5],[2,4],[5,7],[6,7],[5,6],[3,7],[4,5],[3,6],[3,5],[4,7],[3,4]]:[x[1],x[2]-1,x[3]-1,x[4]-1,x[5]-1,x[6],x[7]-1,x[8]-1]:2:[x[1],x[2]-1,x[3]-1,x[4]-1,x[5]-1,x[6],x[7]-1,x[8]-1]:2:true:[[1,0,0,1,1,1,1],[0,1,0,1,1,x[9],x[10]]]
12:[[3,7],[4,5],[3,6],[3,5],[4,7],[4,6],[1,5],[5,7],[5,6],[1,7],[1,6],[6,7],[2,7],[2,6],[2,5]]:[x[1]-1,x[2]-1,x[3]-1,x[4]-1,x[5]-1,x[6],x[7],x[8],x[9]-1]:1:[x[1]-1,x[2]-1,x[3]-1,x[4]-1,x[5]-1,x[6],x[7],x[8],x[9]-1]:1:true:[[1,0,1,1,1,1,1],[0,1,0,0,0,1,x[10]]]
15:[[3,7],[3,6],[3,5],[4,5],[2,7],[2,6],[4,7],[2,5],[4,6]]:[x[1],x[2]-1,x[3]-1,x[4],x[5],x[6],x[7],x[8],x[9]-1,x[10]-1]:0:[x[1],x[2]-1,x[3]-1,x[4],x[5],x[6],x[7],x[8],x[9]-1,x[10]-1]:0:true:[[1,0,0,1,1,0,0],[0,1,0,0,0,1,1]]
20:[[3,7],[3,6],[5,7],[5,6],[4,7],[4,6]]:[x[1],x[2],x[3]-1,x[4]-1,x[5],x[6],x[7],x[8],x[9],x[10]-1]:0:[x[1],x[2],x[3]-1,x[4]-1,x[5],x[6],x[7],x[8],x[9],x[10]-1]:0:true:[[1,0,0,0,1,1,0],[0,1,0,0,0,0,1]]
6:[[3,7],[3,6],[3,5],[4,7],[3,4],[4,6],[1,5],[5,7],[1,4],[5,6],[1,7],[1,6],[6,7],[2,7],[2,6],[2,5],[2,4]]:[x[1]-1,x[2]-1,x[3]-1,x[4]-1,x[5]-1,x[6],x[7],x[8]-1,x[9]-1]:1:[x[1]-1,x[2]-1,x[3]-1,x[4]-1,x[5]-1,x[6],x[7],x[8]-1,x[9]-1]:1:true:[[1,0,1,1,1,1,1],[0,1,0,0,1,1,x[10]]]
1:[[3,7],[4,5],[3,6],[3,5],[1,3],[3,4],[4,7],[4,6],[1,5],[1,4],[5,7],[1,7],[5,6],[1,6],[6,7],[2,7],[2,6],[2,5],[2,4],[2,3]]:[x[1]-1,x[2]-1,x[3]-1,x[4]-1,x[5]-1,x[6]-1,x[7]-1]:3:[x[1]-1,x[2]-1,x[3]-1,x[4]-1,x[5]-1,x[6]-1,x[7]-1]:3:true:[[1,0,1,1,1,1,1],[0,1,1,1,x[8],x[9],x[10]]]
18:[[4,6],[2,7],[2,6],[5,7],[5,6],[1,7],[1,6],[3,7],[3,6],[4,7]]:[x[1]-1,x[2]-1,x[3]-1,x[4]-1,x[5],x[6],x[7],x[8],x[9],x[10]-1]:0:[x[1]-1,x[2]-1,x[3]-1,x[4]-1,x[5],x[6],x[7],x[8],x[9],x[10]-1]:0:true:[[1,0,1,1,1,1,0],[0,1,0,0,0,0,1]]
7:[[4,6],[2,7],[2,6],[2,5],[2,4],[5,7],[1,5],[5,6],[1,4],[1,7],[1,6],[3,7],[3,6],[3,5],[4,7],[3,4]]:[x[1]-1,x[2]-1,x[3]-1,x[4]-1,x[5],x[6]-1,x[7]-1,x[8]-1,x[9],x[10]-1]:0:[x[1]-1,x[2]-1,x[3]-1,x[4]-1,x[5],x[6]-1,x[7]-1,x[8]-1,x[9],x[10]-1]:0:true:[[1,0,1,1,1,1,0],[0,1,1,1,1,0,1]]
10:[[4,6],[2,7],[2,6],[2,5],[2,4],[5,7],[5,6],[3,7],[3,6],[3,5],[4,7],[3,4]]:[x[1],x[2]-1,x[3]-1,x[4]-1,x[5],x[6],x[7]-1,x[8]-1,x[9],x[10]-1]:0:[x[1],x[2]-1,x[3]-1,x[4]-1,x[5],x[6],x[7]-1,x[8]-1,x[9],x[10]-1]:0:true:[[1,0,0,1,1,1,0],[0,1,0,1,1,0,1]]
11:[[4,6],[5,7],[6,7],[5,6],[3,7],[3,6],[4,5],[3,5],[4,7],[3,4]]:[x[1],x[2],x[3]-1,x[4]-1,x[5]-1,x[6],x[7],x[8]-1]:2:[x[1],x[2],x[3]-1,x[4]-1,x[5]-1,x[6],x[7],x[8]-1]:2:true:[[1,0,0,0,1,1,1],[0,1,0,0,1,x[9],x[10]]]
21:[[5,7],[5,6],[4,7],[4,6]]:[x[1],x[2],x[3],x[4]-1,x[5],x[6],x[7],x[8],x[9],x[10]-1]:0:[x[1],x[2],x[3],x[4]-1,x[5],x[6],x[7],x[8],x[9],x[10]-1]:0:true:[[1,0,0,0,0,1,0],[0,1,0,0,0,0,1]]
4:[[4,6],[2,7],[2,6],[2,5],[2,4],[2,3],[5,7],[6,7],[5,6],[3,7],[4,5],[3,6],[3,5],[4,7],[3,4]]:[x[1],x[2]-1,x[3]-1,x[4]-1,x[5]-1,x[6],x[7]-1]:3:[x[1],x[2]-1,x[3]-1,x[4]-1,x[5]-1,x[6],x[7]-1]:3:true:[[1,0,0,1,1,1,1],[0,1,0,1,x[8],x[9],x[10]]]
19:[[3,7],[3,6],[5,7],[5,6],[2,7],[2,6],[4,7],[4,6]]:[x[1],x[2]-1,x[3]-1,x[4]-1,x[5],x[6],x[7],x[8],x[9],x[10]-1]:0:[x[1],x[2]-1,x[3]-1,x[4]-1,x[5],x[6],x[7],x[8],x[9],x[10]-1]:0:true:[[1,0,0,1,1,1,0],[0,1,0,0,0,0,1]]
3:[[3,7],[4,5],[3,6],[3,5],[1,3],[4,7],[4,6],[1,5],[5,7],[1,4],[1,7],[1,6],[6,7],[2,7],[2,6],[2,5],[2,4],[2,3]]:[x[1]-1,x[2]-1,x[3]-1,x[4]-1,x[5]-1,x[6]-1,x[7]-1,x[8],x[9]-x[10]]:1:[x[1]-1,x[2]-1,x[3]-1,x[4]-1,x[5]-1,x[6]-1,x[7]-1,x[8],x[9]-x[10]]:1:true:[[1,0,1,1,1,1,1],[0,1,1,1,0,x[10],x[10]]]
13:[[4,6],[2,7],[2,6],[2,5],[1,5],[1,7],[1,6],[3,7],[4,5],[3,6],[3,5],[4,7]]:[x[1]-1,x[2]-1,x[3]-1,x[4],x[5],x[6],x[7],x[8],x[9]-1,x[10]-1]:0:[x[1]-1,x[2]-1,x[3]-1,x[4],x[5],x[6],x[7],x[8],x[9]-1,x[10]-1]:0:true:[[1,0,1,1,1,0,0],[0,1,0,0,0,1,1]]
5:[[3,7],[4,5],[3,6],[3,5],[4,7],[3,4],[4,6],[1,5],[5,7],[1,4],[5,6],[1,7],[1,6],[6,7],[2,7],[2,6],[2,5],[2,4]]:[x[1]-1,x[2]-1,x[3]-1,x[4]-1,x[5]-1,x[6],x[7],x[8]-1]:2:[x[1]-1,x[2]-1,x[3]-1,x[4]-1,x[5]-1,x[6],x[7],x[8]-1]:2:true:[[1,0,1,1,1,1,1],[0,1,0,0,1,x[9],x[10]]]
